<?xml version="1.0" encoding="UTF-8"?>
<testsuite name="com.phonebook.tests.DeleteContactTests" tests="1" skipped="0" failures="0" errors="0" timestamp="2024-03-04T10:49:15" hostname="DESKTOP-OS617JJ" time="1.973">
  <properties/>
  <testcase name="removeContactTest" classname="com.phonebook.tests.DeleteContactTests" time="1.973"/>
  <system-out><![CDATA[11:49:01.449 [Test worker] INFO  com.phonebook.tests.TestBase -- Start test removeContactTestwith data: []
11:49:16.989 [Test worker] INFO  com.phonebook.tests.TestBase -- PASSED removeContactTest
11:49:16.990 [Test worker] INFO  com.phonebook.tests.TestBase -- Stop test
11:49:16.990 [Test worker] INFO  com.phonebook.tests.TestBase -- ********************************
]]></system-out>
  <system-err><![CDATA[]]></system-err>
</testsuite>
